EMBEDDING_DIM is 400
find 240972 word vectors
[ -1.34130895e+00   3.21949989e-01  -3.04488987e-01   3.12640995e-01
  -6.90595984e-01   5.01110971e-01   9.44224000e-01   4.99886006e-01
   1.07128002e-01   3.19503009e-01   2.10454002e-01   2.85501987e-01
  -1.32982001e-01   6.94343984e-01   4.37260002e-01  -1.11863002e-01
   6.21160984e-01  -1.02586496e+00   1.82137203e+00   5.19550025e-01
  -3.63826990e-01  -5.67651987e-01  -6.36699975e-01  -5.62317014e-01
  -1.60781994e-01  -1.30477995e-01  -4.70156997e-01  -9.42790985e-01
   2.52027005e-01   3.56108010e-01   3.22441012e-01  -1.34961796e+00
   2.83457994e-01  -6.55860007e-01   1.21492997e-01   4.54429984e-02
  -2.46997997e-01  -3.99154007e-01   2.57750005e-01   6.41085982e-01
  -5.50692976e-01   7.65312016e-01  -5.04027009e-01   8.64318013e-01
  -4.37680990e-01   9.26456988e-01   1.08810998e-01   1.71517998e-01
   1.40874997e-01  -4.40129995e-01   4.46318001e-01   1.59023002e-01
  -9.54863012e-01   3.45930010e-02   1.41747996e-01   2.41301000e-01
   1.32790399e+00   9.95591998e-01   8.40699971e-02  -8.18533003e-01
  -7.61425972e-01  -8.03460002e-01   5.17912984e-01  -5.32674015e-01
   2.76881993e-01   6.15279973e-01  -6.20919988e-02   8.68431985e-01
  -2.47143000e-01   9.54049975e-02   1.46892500e+00  -1.08852997e-01
   6.13497972e-01  -6.59035981e-01   9.69120026e-01  -5.90860009e-01
  -4.72032011e-01   3.60251993e-01   8.23424995e-01  -3.31613004e-01
   3.53722006e-01   2.83885986e-01  -2.66593993e-01  -5.37949987e-02
   2.80880004e-01   5.48298001e-01   6.18871987e-01   1.44877398e+00
  -2.03460008e-02   6.98616982e-01  -1.14087999e-01   2.36447006e-01
   6.09107971e-01   2.94117004e-01   3.96919996e-01  -3.18444014e-01
   1.98119295e+00   1.75166994e-01  -9.80554998e-01  -1.02438998e+00
  -7.85305977e-01  -1.12302399e+00   2.40781993e-01   7.34122992e-01
   5.17449021e-01   6.32689968e-02  -4.12164003e-01  -9.25782025e-01
   2.97423989e-01  -3.99848014e-01   5.84960997e-01  -8.96829009e-01
   5.57873011e-01  -2.52490997e-01  -1.30503997e-01  -3.14731002e-01
   1.31557003e-01  -9.93260026e-01   2.92789012e-01  -2.94876009e-01
   9.45594013e-01  -4.47562009e-01   7.43760020e-02   1.01939000e-01
  -4.66217995e-01  -8.36592019e-01   5.07435024e-01   2.96517015e-01
  -2.68326998e-01   6.40065014e-01  -8.23166013e-01   3.87239009e-01
   1.98390000e-02  -2.43656993e-01  -1.47927701e+00  -1.62983000e-01
   1.48047999e-01   3.22380006e-01   1.33733004e-01   7.55060017e-01
   8.54120016e-01  -4.59403992e-01  -6.31259024e-01  -3.02855998e-01
  -8.69570017e-01  -2.40600005e-01  -7.18317986e-01  -1.25916004e+00
   1.62211204e+00  -1.89435005e-01   1.15594196e+00   5.73427022e-01
  -6.12843990e-01   1.42162994e-01   1.15998304e+00  -7.76696026e-01
   3.91351014e-01   1.04608798e+00   3.40404004e-01  -8.79610002e-01
  -1.02170300e+00   2.45644003e-01   4.38753992e-01   1.27809799e+00
  -8.41989964e-02   6.43167019e-01  -6.77383006e-01   1.63222998e-01
   2.72388011e-01   3.89872015e-01   2.26437002e-01   2.90046006e-01
  -1.77090000e-02   6.52552009e-01  -4.54961002e-01  -9.73706007e-01
   6.72070026e-01  -5.59238017e-01   1.45095599e+00   1.26736605e+00
   3.16431999e-01  -9.60245013e-01   1.74860096e+00  -1.02570200e+00
   4.90837991e-01  -1.24186397e+00  -5.40714979e-01  -1.18230700e+00
   3.16109985e-01  -1.42631805e+00   1.01501703e+00   3.16888005e-01
   4.77005005e-01   7.71745980e-01  -1.18804801e+00   5.02730012e-02
  -3.84517014e-01   3.91281009e-01   3.04271013e-01   7.43225992e-01
   8.66214991e-01  -3.00457001e-01  -1.22829700e+00  -1.07702696e+00
  -3.83340001e-01   9.01959985e-02  -1.96217000e-01  -6.07216001e-01
   7.71646023e-01   8.91184986e-01   3.69818985e-01   2.98417002e-01
   6.20474994e-01   5.53500000e-03  -1.17302799e+00  -4.44157004e-01
  -7.42940009e-01   4.35400009e-03  -3.43080997e-01   2.27947995e-01
  -8.93096983e-01   2.46448994e-01  -1.72739998e-01  -6.68070018e-02
   9.53649998e-01   6.15795016e-01   6.31038010e-01   3.87566000e-01
   6.12643003e-01  -2.26900995e-01  -5.08961022e-01   8.51356030e-01
  -6.61036015e-01   1.06530003e-01   2.47458994e-01  -4.03919011e-01
   4.23548013e-01   1.49893606e+00   2.16489002e-01  -6.29570007e-01
  -4.17818010e-01  -6.80909976e-02  -1.33759201e+00  -1.65059999e-01
   3.12005997e-01  -3.04710001e-01  -6.95257008e-01   2.12724999e-01
   4.56440002e-02   5.69392025e-01   3.85960996e-01   9.35110003e-02
  -3.19608986e-01  -5.37941992e-01  -3.38097006e-01  -4.78271991e-01
  -1.17098606e+00  -7.05349982e-01  -4.03892010e-01  -1.87976503e+00
   1.00613499e+00  -9.35780033e-02   1.74400002e-01  -5.89375019e-01
   1.44577995e-01  -5.86889982e-01  -1.24415003e-01   9.13987994e-01
  -4.77450997e-01  -2.57856011e-01  -8.23858976e-01  -8.06717992e-01
   2.85315007e-01  -3.57780993e-01  -8.11680034e-02   3.12411010e-01
  -1.11967397e+00  -1.16554998e-01  -2.49858007e-01   8.93957973e-01
  -5.84236979e-01   3.89248013e-01   1.25103498e+00   2.78344005e-01
   8.37740004e-01   1.13961196e+00  -1.97128996e-01   1.74096003e-01
   3.80847991e-01   6.77224994e-01  -7.05313981e-01  -4.54600990e-01
  -9.99076009e-01   4.75266993e-01  -3.62241000e-01   5.48129976e-01
   2.65513986e-01  -2.65134990e-01  -9.81980026e-01   7.54140019e-02
  -4.56212997e-01  -4.22836989e-01   3.92329007e-01   3.66991997e-01
  -2.34730005e-01   4.19986010e-01   4.11675006e-01  -1.96741998e-01
  -4.32105005e-01  -3.82025987e-01  -3.27374011e-01   3.46152991e-01
  -3.45190018e-02   7.03172028e-01  -4.99697000e-01  -1.46329999e-02
   6.30770028e-02  -8.92390013e-02  -2.05559991e-02   5.30726016e-01
  -1.55824006e-01  -6.13721013e-01   6.86451972e-01   2.52676010e-01
   3.82289998e-02  -3.18010002e-02   2.77397007e-01  -5.97531974e-01
  -2.72913009e-01   6.74281001e-01   8.40767980e-01   5.75146973e-01
   5.72454989e-01   1.47116899e+00   1.02026001e-01  -4.21245009e-01
   1.20782197e+00   4.57291991e-01   6.13569021e-01   1.52031004e-01
   1.20306396e+00   5.25310002e-02  -6.90653026e-01  -8.05841982e-01
   1.34737504e+00  -9.50289965e-02  -7.58939028e-01   1.51811004e-01
  -2.09965006e-01  -1.51638305e+00   2.27120996e-01   8.79063010e-01
   4.32971001e-01   9.30759981e-02  -1.86761007e-01  -4.22064006e-01
   6.57972991e-01  -7.86580980e-01  -2.36596003e-01   6.19055986e-01
   1.68909001e+00   6.46670997e-01  -2.55645007e-01   5.76303005e-01
  -2.28086993e-01   8.17170024e-01   3.21809985e-02   3.47826988e-01
  -1.91449001e-01  -2.09071994e-01   4.05229002e-01  -1.10657997e-01
   4.89340007e-01   1.08747804e+00  -7.66328990e-01  -3.38999003e-01
   9.94686007e-01   8.09809029e-01  -4.09938991e-01  -1.04847705e+00
   4.83929992e-01  -4.53049988e-02   2.56309986e-01   2.69180000e-01
   7.11199999e-01   3.60519998e-02  -2.83095986e-01  -1.67271003e-01
   3.21092993e-01  -3.83684009e-01   5.85874021e-01   9.28277016e-01
   1.50799000e+00   9.71058011e-01   3.25000001e-04  -2.99291998e-01
  -8.33339989e-02   3.76549996e-02  -1.85628995e-01  -1.21146001e-01]
EMBEDDING_DIM is 400
find 240972 word vectors
[ -1.34130895e+00   3.21949989e-01  -3.04488987e-01   3.12640995e-01
  -6.90595984e-01   5.01110971e-01   9.44224000e-01   4.99886006e-01
   1.07128002e-01   3.19503009e-01   2.10454002e-01   2.85501987e-01
  -1.32982001e-01   6.94343984e-01   4.37260002e-01  -1.11863002e-01
   6.21160984e-01  -1.02586496e+00   1.82137203e+00   5.19550025e-01
  -3.63826990e-01  -5.67651987e-01  -6.36699975e-01  -5.62317014e-01
  -1.60781994e-01  -1.30477995e-01  -4.70156997e-01  -9.42790985e-01
   2.52027005e-01   3.56108010e-01   3.22441012e-01  -1.34961796e+00
   2.83457994e-01  -6.55860007e-01   1.21492997e-01   4.54429984e-02
  -2.46997997e-01  -3.99154007e-01   2.57750005e-01   6.41085982e-01
  -5.50692976e-01   7.65312016e-01  -5.04027009e-01   8.64318013e-01
  -4.37680990e-01   9.26456988e-01   1.08810998e-01   1.71517998e-01
   1.40874997e-01  -4.40129995e-01   4.46318001e-01   1.59023002e-01
  -9.54863012e-01   3.45930010e-02   1.41747996e-01   2.41301000e-01
   1.32790399e+00   9.95591998e-01   8.40699971e-02  -8.18533003e-01
  -7.61425972e-01  -8.03460002e-01   5.17912984e-01  -5.32674015e-01
   2.76881993e-01   6.15279973e-01  -6.20919988e-02   8.68431985e-01
  -2.47143000e-01   9.54049975e-02   1.46892500e+00  -1.08852997e-01
   6.13497972e-01  -6.59035981e-01   9.69120026e-01  -5.90860009e-01
  -4.72032011e-01   3.60251993e-01   8.23424995e-01  -3.31613004e-01
   3.53722006e-01   2.83885986e-01  -2.66593993e-01  -5.37949987e-02
   2.80880004e-01   5.48298001e-01   6.18871987e-01   1.44877398e+00
  -2.03460008e-02   6.98616982e-01  -1.14087999e-01   2.36447006e-01
   6.09107971e-01   2.94117004e-01   3.96919996e-01  -3.18444014e-01
   1.98119295e+00   1.75166994e-01  -9.80554998e-01  -1.02438998e+00
  -7.85305977e-01  -1.12302399e+00   2.40781993e-01   7.34122992e-01
   5.17449021e-01   6.32689968e-02  -4.12164003e-01  -9.25782025e-01
   2.97423989e-01  -3.99848014e-01   5.84960997e-01  -8.96829009e-01
   5.57873011e-01  -2.52490997e-01  -1.30503997e-01  -3.14731002e-01
   1.31557003e-01  -9.93260026e-01   2.92789012e-01  -2.94876009e-01
   9.45594013e-01  -4.47562009e-01   7.43760020e-02   1.01939000e-01
  -4.66217995e-01  -8.36592019e-01   5.07435024e-01   2.96517015e-01
  -2.68326998e-01   6.40065014e-01  -8.23166013e-01   3.87239009e-01
   1.98390000e-02  -2.43656993e-01  -1.47927701e+00  -1.62983000e-01
   1.48047999e-01   3.22380006e-01   1.33733004e-01   7.55060017e-01
   8.54120016e-01  -4.59403992e-01  -6.31259024e-01  -3.02855998e-01
  -8.69570017e-01  -2.40600005e-01  -7.18317986e-01  -1.25916004e+00
   1.62211204e+00  -1.89435005e-01   1.15594196e+00   5.73427022e-01
  -6.12843990e-01   1.42162994e-01   1.15998304e+00  -7.76696026e-01
   3.91351014e-01   1.04608798e+00   3.40404004e-01  -8.79610002e-01
  -1.02170300e+00   2.45644003e-01   4.38753992e-01   1.27809799e+00
  -8.41989964e-02   6.43167019e-01  -6.77383006e-01   1.63222998e-01
   2.72388011e-01   3.89872015e-01   2.26437002e-01   2.90046006e-01
  -1.77090000e-02   6.52552009e-01  -4.54961002e-01  -9.73706007e-01
   6.72070026e-01  -5.59238017e-01   1.45095599e+00   1.26736605e+00
   3.16431999e-01  -9.60245013e-01   1.74860096e+00  -1.02570200e+00
   4.90837991e-01  -1.24186397e+00  -5.40714979e-01  -1.18230700e+00
   3.16109985e-01  -1.42631805e+00   1.01501703e+00   3.16888005e-01
   4.77005005e-01   7.71745980e-01  -1.18804801e+00   5.02730012e-02
  -3.84517014e-01   3.91281009e-01   3.04271013e-01   7.43225992e-01
   8.66214991e-01  -3.00457001e-01  -1.22829700e+00  -1.07702696e+00
  -3.83340001e-01   9.01959985e-02  -1.96217000e-01  -6.07216001e-01
   7.71646023e-01   8.91184986e-01   3.69818985e-01   2.98417002e-01
   6.20474994e-01   5.53500000e-03  -1.17302799e+00  -4.44157004e-01
  -7.42940009e-01   4.35400009e-03  -3.43080997e-01   2.27947995e-01
  -8.93096983e-01   2.46448994e-01  -1.72739998e-01  -6.68070018e-02
   9.53649998e-01   6.15795016e-01   6.31038010e-01   3.87566000e-01
   6.12643003e-01  -2.26900995e-01  -5.08961022e-01   8.51356030e-01
  -6.61036015e-01   1.06530003e-01   2.47458994e-01  -4.03919011e-01
   4.23548013e-01   1.49893606e+00   2.16489002e-01  -6.29570007e-01
  -4.17818010e-01  -6.80909976e-02  -1.33759201e+00  -1.65059999e-01
   3.12005997e-01  -3.04710001e-01  -6.95257008e-01   2.12724999e-01
   4.56440002e-02   5.69392025e-01   3.85960996e-01   9.35110003e-02
  -3.19608986e-01  -5.37941992e-01  -3.38097006e-01  -4.78271991e-01
  -1.17098606e+00  -7.05349982e-01  -4.03892010e-01  -1.87976503e+00
   1.00613499e+00  -9.35780033e-02   1.74400002e-01  -5.89375019e-01
   1.44577995e-01  -5.86889982e-01  -1.24415003e-01   9.13987994e-01
  -4.77450997e-01  -2.57856011e-01  -8.23858976e-01  -8.06717992e-01
   2.85315007e-01  -3.57780993e-01  -8.11680034e-02   3.12411010e-01
  -1.11967397e+00  -1.16554998e-01  -2.49858007e-01   8.93957973e-01
  -5.84236979e-01   3.89248013e-01   1.25103498e+00   2.78344005e-01
   8.37740004e-01   1.13961196e+00  -1.97128996e-01   1.74096003e-01
   3.80847991e-01   6.77224994e-01  -7.05313981e-01  -4.54600990e-01
  -9.99076009e-01   4.75266993e-01  -3.62241000e-01   5.48129976e-01
   2.65513986e-01  -2.65134990e-01  -9.81980026e-01   7.54140019e-02
  -4.56212997e-01  -4.22836989e-01   3.92329007e-01   3.66991997e-01
  -2.34730005e-01   4.19986010e-01   4.11675006e-01  -1.96741998e-01
  -4.32105005e-01  -3.82025987e-01  -3.27374011e-01   3.46152991e-01
  -3.45190018e-02   7.03172028e-01  -4.99697000e-01  -1.46329999e-02
   6.30770028e-02  -8.92390013e-02  -2.05559991e-02   5.30726016e-01
  -1.55824006e-01  -6.13721013e-01   6.86451972e-01   2.52676010e-01
   3.82289998e-02  -3.18010002e-02   2.77397007e-01  -5.97531974e-01
  -2.72913009e-01   6.74281001e-01   8.40767980e-01   5.75146973e-01
   5.72454989e-01   1.47116899e+00   1.02026001e-01  -4.21245009e-01
   1.20782197e+00   4.57291991e-01   6.13569021e-01   1.52031004e-01
   1.20306396e+00   5.25310002e-02  -6.90653026e-01  -8.05841982e-01
   1.34737504e+00  -9.50289965e-02  -7.58939028e-01   1.51811004e-01
  -2.09965006e-01  -1.51638305e+00   2.27120996e-01   8.79063010e-01
   4.32971001e-01   9.30759981e-02  -1.86761007e-01  -4.22064006e-01
   6.57972991e-01  -7.86580980e-01  -2.36596003e-01   6.19055986e-01
   1.68909001e+00   6.46670997e-01  -2.55645007e-01   5.76303005e-01
  -2.28086993e-01   8.17170024e-01   3.21809985e-02   3.47826988e-01
  -1.91449001e-01  -2.09071994e-01   4.05229002e-01  -1.10657997e-01
   4.89340007e-01   1.08747804e+00  -7.66328990e-01  -3.38999003e-01
   9.94686007e-01   8.09809029e-01  -4.09938991e-01  -1.04847705e+00
   4.83929992e-01  -4.53049988e-02   2.56309986e-01   2.69180000e-01
   7.11199999e-01   3.60519998e-02  -2.83095986e-01  -1.67271003e-01
   3.21092993e-01  -3.83684009e-01   5.85874021e-01   9.28277016e-01
   1.50799000e+00   9.71058011e-01   3.25000001e-04  -2.99291998e-01
  -8.33339989e-02   3.76549996e-02  -1.85628995e-01  -1.21146001e-01]
EMBEDDING_DIM is 400
find 240972 word vectors
的
很
。
了
好看
穿
！
 
好
衣服
不错
不
质量
也
有点
是
买
显胖
还
上
就是
我
穿着
都
一般
喜欢
挺
效果
款式
就
可以
版型
面料
修身
有
老公
舒服
裤子
颜色
非常
比较
吧
合适
上身
感觉
这个
起来
但是
满意
还是
没有
不过
不是
特别
觉得
…
不好
料子
胖
帅气
没
太
而且
这件
这
很漂亮
人
好评
厚
瘦
图片
大
在
裙子
给
要
和
～
一点
真的
又
啊
客服
但
会
物流
难看
价格
适合
洗
大小
合身
说
小
看
来
显
以后
型
顺丰
、
设计
?
一次
一件
知道
快
一直
长
款
自己
不显
不会
到
点
超级
哦
快递
再
做工
舒适
薄
尺码
显老
白色
只是
行
布料
领子
稍微
还好
确实
一下
样式
总体
便宜
简单
收到
有些
一个
大方
码
一样
时尚
宽松
像
显瘦
短
漂亮
比
因为
夏天
推荐
啦
值得
送
~
热
很快
服务
老气
包装
很显
老
掉色
显得
号
跟
蛮
赞
容易
着
现在
.
实物
白
应该
掉
没型
看着
还有
那个
模特
也好
图案
失望
两件
划算
正好
腿
那么
退
弹性
粗
去
问题
能
刚好
儿子
发货
腰带
这么
样子
鞋子
凉快
第一次
那
速度
最
那种
正品
腰
购物
卖家
东西
？
整体
以为
太丑
购买
得
他
里面
下次
还会
呢
你
时候
个人
不能
这样
马克
袖子
可能
过
有型
态度
搭配
这种
建议
偏
虽然
留下
绝对
不了
色差
紧
怕
领口
活动
光顾
版
朋友
拍
斤
硬
买大
刚刚
精致
你家
贵
才
透
棒
外面
麻烦
高跟鞋
真心
丑
一块
真是
配
哈哈
很棒
换
偏小
看起来
店家
棉
男票
身高
男朋友
还行
贴
跑
透明
把
一号
假货
来说
材质
属于
超
什么
不敢
大家
其实
黑色
年轻
手感
以前
宽
更好
每次
绣花
真
衬衫
不太好
等
华菲
全
顾客
款型
高
M
结果
当
力
货
下摆
很大
摸
这次
试穿
腰部
黑
想
看到
不要
毕竟
一般般
更
蓝色
完全
哒
厚实
实体店
太大
5
裂帛
多
,
短袖
怎么
透气
裤型
很多
懒得
鞋
另外
品牌
元
所以
出来
牌子
美
希望
上班
刚
太厚
下
担心
显肥
从
个
裤
挺不错
不合理
无
地方
淘宝
实在
呀
做
175
老客户
不太
个人感觉
花色
五分
稍
皱
总之
反正
肥
灰色
）
发
身材
很丑
评价
体重
米白
一
超值
上面
搭
花
要是
实惠
一起
好大
!
其他
高大
差评
条纹
可是
惊喜
肩膀
后悔
价格便宜
170
毛
影响
胖子
么
袋子
支持
正合适
同样
其它
专柜
纯白
里
衣衣
一如既往
倒
柔软
尺寸
本来
前面
勉强
中
让
走
很帅
想象
已经
回来
关键
的话
只能
精细
（
外套
一码
几次

，
[ -1.34130895e+00   3.21949989e-01  -3.04488987e-01   3.12640995e-01
  -6.90595984e-01   5.01110971e-01   9.44224000e-01   4.99886006e-01
   1.07128002e-01   3.19503009e-01   2.10454002e-01   2.85501987e-01
  -1.32982001e-01   6.94343984e-01   4.37260002e-01  -1.11863002e-01
   6.21160984e-01  -1.02586496e+00   1.82137203e+00   5.19550025e-01
  -3.63826990e-01  -5.67651987e-01  -6.36699975e-01  -5.62317014e-01
  -1.60781994e-01  -1.30477995e-01  -4.70156997e-01  -9.42790985e-01
   2.52027005e-01   3.56108010e-01   3.22441012e-01  -1.34961796e+00
   2.83457994e-01  -6.55860007e-01   1.21492997e-01   4.54429984e-02
  -2.46997997e-01  -3.99154007e-01   2.57750005e-01   6.41085982e-01
  -5.50692976e-01   7.65312016e-01  -5.04027009e-01   8.64318013e-01
  -4.37680990e-01   9.26456988e-01   1.08810998e-01   1.71517998e-01
   1.40874997e-01  -4.40129995e-01   4.46318001e-01   1.59023002e-01
  -9.54863012e-01   3.45930010e-02   1.41747996e-01   2.41301000e-01
   1.32790399e+00   9.95591998e-01   8.40699971e-02  -8.18533003e-01
  -7.61425972e-01  -8.03460002e-01   5.17912984e-01  -5.32674015e-01
   2.76881993e-01   6.15279973e-01  -6.20919988e-02   8.68431985e-01
  -2.47143000e-01   9.54049975e-02   1.46892500e+00  -1.08852997e-01
   6.13497972e-01  -6.59035981e-01   9.69120026e-01  -5.90860009e-01
  -4.72032011e-01   3.60251993e-01   8.23424995e-01  -3.31613004e-01
   3.53722006e-01   2.83885986e-01  -2.66593993e-01  -5.37949987e-02
   2.80880004e-01   5.48298001e-01   6.18871987e-01   1.44877398e+00
  -2.03460008e-02   6.98616982e-01  -1.14087999e-01   2.36447006e-01
   6.09107971e-01   2.94117004e-01   3.96919996e-01  -3.18444014e-01
   1.98119295e+00   1.75166994e-01  -9.80554998e-01  -1.02438998e+00
  -7.85305977e-01  -1.12302399e+00   2.40781993e-01   7.34122992e-01
   5.17449021e-01   6.32689968e-02  -4.12164003e-01  -9.25782025e-01
   2.97423989e-01  -3.99848014e-01   5.84960997e-01  -8.96829009e-01
   5.57873011e-01  -2.52490997e-01  -1.30503997e-01  -3.14731002e-01
   1.31557003e-01  -9.93260026e-01   2.92789012e-01  -2.94876009e-01
   9.45594013e-01  -4.47562009e-01   7.43760020e-02   1.01939000e-01
  -4.66217995e-01  -8.36592019e-01   5.07435024e-01   2.96517015e-01
  -2.68326998e-01   6.40065014e-01  -8.23166013e-01   3.87239009e-01
   1.98390000e-02  -2.43656993e-01  -1.47927701e+00  -1.62983000e-01
   1.48047999e-01   3.22380006e-01   1.33733004e-01   7.55060017e-01
   8.54120016e-01  -4.59403992e-01  -6.31259024e-01  -3.02855998e-01
  -8.69570017e-01  -2.40600005e-01  -7.18317986e-01  -1.25916004e+00
   1.62211204e+00  -1.89435005e-01   1.15594196e+00   5.73427022e-01
  -6.12843990e-01   1.42162994e-01   1.15998304e+00  -7.76696026e-01
   3.91351014e-01   1.04608798e+00   3.40404004e-01  -8.79610002e-01
  -1.02170300e+00   2.45644003e-01   4.38753992e-01   1.27809799e+00
  -8.41989964e-02   6.43167019e-01  -6.77383006e-01   1.63222998e-01
   2.72388011e-01   3.89872015e-01   2.26437002e-01   2.90046006e-01
  -1.77090000e-02   6.52552009e-01  -4.54961002e-01  -9.73706007e-01
   6.72070026e-01  -5.59238017e-01   1.45095599e+00   1.26736605e+00
   3.16431999e-01  -9.60245013e-01   1.74860096e+00  -1.02570200e+00
   4.90837991e-01  -1.24186397e+00  -5.40714979e-01  -1.18230700e+00
   3.16109985e-01  -1.42631805e+00   1.01501703e+00   3.16888005e-01
   4.77005005e-01   7.71745980e-01  -1.18804801e+00   5.02730012e-02
  -3.84517014e-01   3.91281009e-01   3.04271013e-01   7.43225992e-01
   8.66214991e-01  -3.00457001e-01  -1.22829700e+00  -1.07702696e+00
  -3.83340001e-01   9.01959985e-02  -1.96217000e-01  -6.07216001e-01
   7.71646023e-01   8.91184986e-01   3.69818985e-01   2.98417002e-01
   6.20474994e-01   5.53500000e-03  -1.17302799e+00  -4.44157004e-01
  -7.42940009e-01   4.35400009e-03  -3.43080997e-01   2.27947995e-01
  -8.93096983e-01   2.46448994e-01  -1.72739998e-01  -6.68070018e-02
   9.53649998e-01   6.15795016e-01   6.31038010e-01   3.87566000e-01
   6.12643003e-01  -2.26900995e-01  -5.08961022e-01   8.51356030e-01
  -6.61036015e-01   1.06530003e-01   2.47458994e-01  -4.03919011e-01
   4.23548013e-01   1.49893606e+00   2.16489002e-01  -6.29570007e-01
  -4.17818010e-01  -6.80909976e-02  -1.33759201e+00  -1.65059999e-01
   3.12005997e-01  -3.04710001e-01  -6.95257008e-01   2.12724999e-01
   4.56440002e-02   5.69392025e-01   3.85960996e-01   9.35110003e-02
  -3.19608986e-01  -5.37941992e-01  -3.38097006e-01  -4.78271991e-01
  -1.17098606e+00  -7.05349982e-01  -4.03892010e-01  -1.87976503e+00
   1.00613499e+00  -9.35780033e-02   1.74400002e-01  -5.89375019e-01
   1.44577995e-01  -5.86889982e-01  -1.24415003e-01   9.13987994e-01
  -4.77450997e-01  -2.57856011e-01  -8.23858976e-01  -8.06717992e-01
   2.85315007e-01  -3.57780993e-01  -8.11680034e-02   3.12411010e-01
  -1.11967397e+00  -1.16554998e-01  -2.49858007e-01   8.93957973e-01
  -5.84236979e-01   3.89248013e-01   1.25103498e+00   2.78344005e-01
   8.37740004e-01   1.13961196e+00  -1.97128996e-01   1.74096003e-01
   3.80847991e-01   6.77224994e-01  -7.05313981e-01  -4.54600990e-01
  -9.99076009e-01   4.75266993e-01  -3.62241000e-01   5.48129976e-01
   2.65513986e-01  -2.65134990e-01  -9.81980026e-01   7.54140019e-02
  -4.56212997e-01  -4.22836989e-01   3.92329007e-01   3.66991997e-01
  -2.34730005e-01   4.19986010e-01   4.11675006e-01  -1.96741998e-01
  -4.32105005e-01  -3.82025987e-01  -3.27374011e-01   3.46152991e-01
  -3.45190018e-02   7.03172028e-01  -4.99697000e-01  -1.46329999e-02
   6.30770028e-02  -8.92390013e-02  -2.05559991e-02   5.30726016e-01
  -1.55824006e-01  -6.13721013e-01   6.86451972e-01   2.52676010e-01
   3.82289998e-02  -3.18010002e-02   2.77397007e-01  -5.97531974e-01
  -2.72913009e-01   6.74281001e-01   8.40767980e-01   5.75146973e-01
   5.72454989e-01   1.47116899e+00   1.02026001e-01  -4.21245009e-01
   1.20782197e+00   4.57291991e-01   6.13569021e-01   1.52031004e-01
   1.20306396e+00   5.25310002e-02  -6.90653026e-01  -8.05841982e-01
   1.34737504e+00  -9.50289965e-02  -7.58939028e-01   1.51811004e-01
  -2.09965006e-01  -1.51638305e+00   2.27120996e-01   8.79063010e-01
   4.32971001e-01   9.30759981e-02  -1.86761007e-01  -4.22064006e-01
   6.57972991e-01  -7.86580980e-01  -2.36596003e-01   6.19055986e-01
   1.68909001e+00   6.46670997e-01  -2.55645007e-01   5.76303005e-01
  -2.28086993e-01   8.17170024e-01   3.21809985e-02   3.47826988e-01
  -1.91449001e-01  -2.09071994e-01   4.05229002e-01  -1.10657997e-01
   4.89340007e-01   1.08747804e+00  -7.66328990e-01  -3.38999003e-01
   9.94686007e-01   8.09809029e-01  -4.09938991e-01  -1.04847705e+00
   4.83929992e-01  -4.53049988e-02   2.56309986e-01   2.69180000e-01
   7.11199999e-01   3.60519998e-02  -2.83095986e-01  -1.67271003e-01
   3.21092993e-01  -3.83684009e-01   5.85874021e-01   9.28277016e-01
   1.50799000e+00   9.71058011e-01   3.25000001e-04  -2.99291998e-01
  -8.33339989e-02   3.76549996e-02  -1.85628995e-01  -1.21146001e-01]
EMBEDDING_DIM is 400
find 240972 word vectors
的
很
。
了
好看
穿
！
 
好
衣服
不错
不
质量
也
有点
是
买
显胖
还
上
就是
我
穿着
都
一般
喜欢
挺
效果
款式
就
可以
版型
面料
修身
有
老公
舒服
裤子
颜色
非常
比较
吧
合适
上身
感觉
这个
起来
但是
满意
还是
没有
不过
不是
特别
觉得
…
不好
料子
胖
帅气
没
太
而且
这件
这
很漂亮
人
好评
厚
瘦
图片
大
在
裙子
给
要
和
～
一点
真的
又
啊
客服
但
会
物流
难看
价格
适合
洗
大小
合身
说
小
看
来
显
以后
型
顺丰
、
设计
?
一次
一件
知道
快
一直
长
款
自己
不显
不会
到
点
超级
哦
快递
再
做工
舒适
薄
尺码
显老
白色
只是
行
布料
领子
稍微
还好
确实
一下
样式
总体
便宜
简单
收到
有些
一个
大方
码
一样
时尚
宽松
像
显瘦
短
漂亮
比
因为
夏天
推荐
啦
值得
送
~
热
很快
服务
老气
包装
很显
老
掉色
显得
号
跟
蛮
赞
容易
着
现在
.
实物
白
应该
掉
没型
看着
还有
那个
模特
也好
图案
失望
两件
划算
正好
腿
那么
退
弹性
粗
去
问题
能
刚好
儿子
发货
腰带
这么
样子
鞋子
凉快
第一次
那
速度
最
那种
正品
腰
购物
卖家
东西
？
整体
以为
太丑
购买
得
他
里面
下次
还会
呢
你
时候
个人
不能
这样
马克
袖子
可能
过
有型
态度
搭配
这种
建议
偏
虽然
留下
绝对
不了
色差
紧
怕
领口
活动
光顾
版
朋友
拍
斤
硬
买大
刚刚
精致
你家
贵
才
透
棒
外面
麻烦
高跟鞋
真心
丑
一块
真是
配
哈哈
很棒
换
偏小
看起来
店家
棉
男票
身高
男朋友
还行
贴
跑
透明
把
一号
假货
来说
材质
属于
超
什么
不敢
大家
其实
黑色
年轻
手感
以前
宽
更好
每次
绣花
真
衬衫
不太好
等
华菲
全
顾客
款型
高
M
结果
当
力
货
下摆
很大
摸
这次
试穿
腰部
黑
想
看到
不要
毕竟
一般般
更
蓝色
完全
哒
厚实
实体店
太大
5
裂帛
多
,
短袖
怎么
透气
裤型
很多
懒得
鞋
另外
品牌
元
所以
出来
牌子
美
希望
上班
刚
太厚
下
担心
显肥
从
个
裤
挺不错
不合理
无
地方
淘宝
实在
呀
做
175
老客户
不太
个人感觉
花色
五分
稍
皱
总之
反正
肥
灰色
）
发
身材
很丑
评价
体重
米白
一
超值
上面
搭
花
要是
实惠
一起
好大
!
其他
高大
差评
条纹
可是
惊喜
肩膀
后悔
价格便宜
170
毛
影响
胖子
么
袋子
支持
正合适
同样
其它
专柜
纯白
里
衣衣
一如既往
倒
柔软
尺寸
本来
前面
勉强
中
让
走
很帅
想象
已经
回来
关键
的话
只能
精细
（
外套
一码
几次

，
